0 info it worked if it ends with ok
1 verbose cli [ '/usr/local/bin/node', '/usr/local/bin/npm', 'install' ]
2 info using npm@2.14.4
3 info using node@v4.1.1
4 verbose readDependencies loading dependencies from /Users/benkandov/Documents/Coding/express_chat_server/package.json
5 verbose install where, deps [ '/Users/benkandov/Documents/Coding/express_chat_server',
5 verbose install   [ 'body-parser',
5 verbose install     'cookie-parser',
5 verbose install     'debug',
5 verbose install     'express',
5 verbose install     'main',
5 verbose install     'mongoose',
5 verbose install     'morgan',
5 verbose install     'name',
5 verbose install     'serve-favicon',
5 verbose install     'socket.io',
5 verbose install     'validator' ] ]
6 verbose install where, peers [ '/Users/benkandov/Documents/Coding/express_chat_server', [] ]
7 verbose installManyTop reading for lifecycle /Users/benkandov/Documents/Coding/express_chat_server/package.json
8 info preinstall express_chat_server@0.0.0
9 verbose installManyTop reading scoped package data from /Users/benkandov/Documents/Coding/express_chat_server/node_modules/body-parser/package.json
10 verbose installManyTop reading scoped package data from /Users/benkandov/Documents/Coding/express_chat_server/node_modules/cookie-parser/package.json
11 verbose installManyTop reading scoped package data from /Users/benkandov/Documents/Coding/express_chat_server/node_modules/debug/package.json
12 verbose installManyTop reading scoped package data from /Users/benkandov/Documents/Coding/express_chat_server/node_modules/ejs/package.json
13 verbose installManyTop reading scoped package data from /Users/benkandov/Documents/Coding/express_chat_server/node_modules/express/package.json
14 verbose installManyTop reading scoped package data from /Users/benkandov/Documents/Coding/express_chat_server/node_modules/jade/package.json
15 verbose installManyTop reading scoped package data from /Users/benkandov/Documents/Coding/express_chat_server/node_modules/jsonwebtoken/package.json
16 verbose installManyTop reading scoped package data from /Users/benkandov/Documents/Coding/express_chat_server/node_modules/mongoose/package.json
17 verbose installManyTop reading scoped package data from /Users/benkandov/Documents/Coding/express_chat_server/node_modules/morgan/package.json
18 verbose installManyTop reading scoped package data from /Users/benkandov/Documents/Coding/express_chat_server/node_modules/serve-favicon/package.json
19 verbose installManyTop reading scoped package data from /Users/benkandov/Documents/Coding/express_chat_server/node_modules/socket.io/package.json
20 verbose installManyTop reading scoped package data from /Users/benkandov/Documents/Coding/express_chat_server/node_modules/validator/package.json
21 verbose readDependencies loading dependencies from /Users/benkandov/Documents/Coding/express_chat_server/package.json
22 verbose targetResolver reading package data from /Users/benkandov/Documents/Coding/express_chat_server/node_modules/body-parser/package.json
23 verbose targetResolver reading package data from /Users/benkandov/Documents/Coding/express_chat_server/node_modules/cookie-parser/package.json
24 verbose targetResolver reading package data from /Users/benkandov/Documents/Coding/express_chat_server/node_modules/debug/package.json
25 verbose targetResolver reading package data from /Users/benkandov/Documents/Coding/express_chat_server/node_modules/ejs/package.json
26 verbose targetResolver reading package data from /Users/benkandov/Documents/Coding/express_chat_server/node_modules/express/package.json
27 verbose targetResolver reading package data from /Users/benkandov/Documents/Coding/express_chat_server/node_modules/jade/package.json
28 verbose targetResolver reading package data from /Users/benkandov/Documents/Coding/express_chat_server/node_modules/jsonwebtoken/package.json
29 verbose targetResolver reading package data from /Users/benkandov/Documents/Coding/express_chat_server/node_modules/mongoose/package.json
30 verbose targetResolver reading package data from /Users/benkandov/Documents/Coding/express_chat_server/node_modules/morgan/package.json
31 verbose targetResolver reading package data from /Users/benkandov/Documents/Coding/express_chat_server/node_modules/serve-favicon/package.json
32 verbose targetResolver reading package data from /Users/benkandov/Documents/Coding/express_chat_server/node_modules/socket.io/package.json
33 verbose targetResolver reading package data from /Users/benkandov/Documents/Coding/express_chat_server/node_modules/validator/package.json
34 verbose targetResolver reading package data from /Users/benkandov/Documents/Coding/express_chat_server/node_modules/.bin/jade/package.json
35 verbose already installed skipping cookie-parser@~1.4.3 /Users/benkandov/Documents/Coding/express_chat_server
36 verbose already installed skipping debug@~2.2.0 /Users/benkandov/Documents/Coding/express_chat_server
37 verbose already installed skipping express@~4.13.4 /Users/benkandov/Documents/Coding/express_chat_server
38 silly cache add args [ 'main@server.js', null ]
39 verbose cache add spec main@server.js
40 silly cache add args [ 'mongoose@latest', null ]
41 verbose cache add spec mongoose@latest
42 verbose already installed skipping morgan@~1.7.0 /Users/benkandov/Documents/Coding/express_chat_server
43 silly cache add args [ 'name@node-token-jwt', null ]
44 verbose cache add spec name@node-token-jwt
45 silly cache add parsed spec Result {
45 silly cache add   raw: 'main@server.js',
45 silly cache add   scope: null,
45 silly cache add   name: 'main',
45 silly cache add   rawSpec: 'server.js',
45 silly cache add   spec: 'server.js',
45 silly cache add   type: 'tag' }
46 silly addNamed main@server.js
47 verbose addNamed "server.js" is being treated as a dist-tag for main
48 info addNameTag [ 'main', 'server.js' ]
49 silly mapToRegistry name main
50 silly mapToRegistry using default registry
51 silly mapToRegistry registry https://registry.npmjs.org/
52 silly mapToRegistry uri https://registry.npmjs.org/main
53 verbose addNameTag registry:https://registry.npmjs.org/main not in flight; fetching
54 silly cache add parsed spec Result {
54 silly cache add   raw: 'mongoose@latest',
54 silly cache add   scope: null,
54 silly cache add   name: 'mongoose',
54 silly cache add   rawSpec: 'latest',
54 silly cache add   spec: 'latest',
54 silly cache add   type: 'tag' }
55 silly addNamed mongoose@latest
56 verbose addNamed "latest" is being treated as a dist-tag for mongoose
57 info addNameTag [ 'mongoose', 'latest' ]
58 silly mapToRegistry name mongoose
59 silly mapToRegistry using default registry
60 silly mapToRegistry registry https://registry.npmjs.org/
61 silly mapToRegistry uri https://registry.npmjs.org/mongoose
62 verbose addNameTag registry:https://registry.npmjs.org/mongoose not in flight; fetching
63 verbose already installed skipping serve-favicon@~2.3.0 /Users/benkandov/Documents/Coding/express_chat_server
64 silly cache add args [ 'socket.io@latest', null ]
65 verbose cache add spec socket.io@latest
66 silly cache add args [ 'validator@latest', null ]
67 verbose cache add spec validator@latest
68 verbose already installed skipping body-parser@~1.15.1 /Users/benkandov/Documents/Coding/express_chat_server
69 silly cache add parsed spec Result {
69 silly cache add   raw: 'name@node-token-jwt',
69 silly cache add   scope: null,
69 silly cache add   name: 'name',
69 silly cache add   rawSpec: 'node-token-jwt',
69 silly cache add   spec: 'node-token-jwt',
69 silly cache add   type: 'tag' }
70 silly addNamed name@node-token-jwt
71 verbose addNamed "node-token-jwt" is being treated as a dist-tag for name
72 info addNameTag [ 'name', 'node-token-jwt' ]
73 silly mapToRegistry name name
74 silly mapToRegistry using default registry
75 silly mapToRegistry registry https://registry.npmjs.org/
76 silly mapToRegistry uri https://registry.npmjs.org/name
77 verbose addNameTag registry:https://registry.npmjs.org/name not in flight; fetching
78 silly cache add parsed spec Result {
78 silly cache add   raw: 'socket.io@latest',
78 silly cache add   scope: null,
78 silly cache add   name: 'socket.io',
78 silly cache add   rawSpec: 'latest',
78 silly cache add   spec: 'latest',
78 silly cache add   type: 'tag' }
79 silly addNamed socket.io@latest
80 verbose addNamed "latest" is being treated as a dist-tag for socket.io
81 info addNameTag [ 'socket.io', 'latest' ]
82 silly mapToRegistry name socket.io
83 silly mapToRegistry using default registry
84 silly mapToRegistry registry https://registry.npmjs.org/
85 silly mapToRegistry uri https://registry.npmjs.org/socket.io
86 verbose addNameTag registry:https://registry.npmjs.org/socket.io not in flight; fetching
87 silly cache add parsed spec Result {
87 silly cache add   raw: 'validator@latest',
87 silly cache add   scope: null,
87 silly cache add   name: 'validator',
87 silly cache add   rawSpec: 'latest',
87 silly cache add   spec: 'latest',
87 silly cache add   type: 'tag' }
88 silly addNamed validator@latest
89 verbose addNamed "latest" is being treated as a dist-tag for validator
90 info addNameTag [ 'validator', 'latest' ]
91 silly mapToRegistry name validator
92 silly mapToRegistry using default registry
93 silly mapToRegistry registry https://registry.npmjs.org/
94 silly mapToRegistry uri https://registry.npmjs.org/validator
95 verbose addNameTag registry:https://registry.npmjs.org/validator not in flight; fetching
96 verbose request uri https://registry.npmjs.org/main
97 verbose request no auth needed
98 info attempt registry request try #1 at 10:09:34 AM
99 verbose request id dcbf737bf85dac90
100 verbose etag "37352HAQPW4JRUS58OBIZ32MV"
101 http request GET https://registry.npmjs.org/main
102 verbose request uri https://registry.npmjs.org/name
103 verbose request no auth needed
104 info attempt registry request try #1 at 10:09:34 AM
105 verbose etag "ZLMXBMKL75MZJ9Y87E4QJ9CB"
106 http request GET https://registry.npmjs.org/name
107 verbose request uri https://registry.npmjs.org/mongoose
108 verbose request no auth needed
109 info attempt registry request try #1 at 10:09:34 AM
110 verbose etag "8CCXTY62ROMGNG7IWWEHY25OX"
111 http request GET https://registry.npmjs.org/mongoose
112 verbose request uri https://registry.npmjs.org/socket.io
113 verbose request no auth needed
114 info attempt registry request try #1 at 10:09:34 AM
115 verbose etag "SD35X0DCRULGT4PW2X8QH50F"
116 http request GET https://registry.npmjs.org/socket.io
117 verbose request uri https://registry.npmjs.org/validator
118 verbose request no auth needed
119 info attempt registry request try #1 at 10:09:34 AM
120 verbose etag "25FUKBNLADVHXZQG09923CBHG"
121 http request GET https://registry.npmjs.org/validator
122 http 304 https://registry.npmjs.org/name
123 silly get cb [ 304,
123 silly get   { date: 'Wed, 10 Aug 2016 14:07:46 GMT',
123 silly get     via: '1.1 varnish',
123 silly get     'cache-control': 'max-age=300',
123 silly get     etag: '"ZLMXBMKL75MZJ9Y87E4QJ9CB"',
123 silly get     age: '46',
123 silly get     connection: 'keep-alive',
123 silly get     'x-served-by': 'cache-jfk8147-JFK',
123 silly get     'x-cache': 'HIT',
123 silly get     'x-cache-hits': '1',
123 silly get     'x-timer': 'S1470838066.735573,VS0,VE0',
123 silly get     vary: 'Accept-Encoding' } ]
124 verbose etag https://registry.npmjs.org/name from cache
125 verbose get saving name to /Users/benkandov/.npm/registry.npmjs.org/name/.cache.json
126 http 304 https://registry.npmjs.org/socket.io
127 silly get cb [ 304,
127 silly get   { date: 'Wed, 10 Aug 2016 14:07:46 GMT',
127 silly get     via: '1.1 varnish',
127 silly get     'cache-control': 'max-age=300',
127 silly get     etag: '"SD35X0DCRULGT4PW2X8QH50F"',
127 silly get     age: '183',
127 silly get     connection: 'keep-alive',
127 silly get     'x-served-by': 'cache-jfk8139-JFK',
127 silly get     'x-cache': 'HIT',
127 silly get     'x-cache-hits': '7',
127 silly get     'x-timer': 'S1470838066.734813,VS0,VE0',
127 silly get     vary: 'Accept-Encoding' } ]
128 verbose etag https://registry.npmjs.org/socket.io from cache
129 verbose get saving socket.io to /Users/benkandov/.npm/registry.npmjs.org/socket.io/.cache.json
130 http 304 https://registry.npmjs.org/mongoose
131 silly get cb [ 304,
131 silly get   { date: 'Wed, 10 Aug 2016 14:07:46 GMT',
131 silly get     via: '1.1 varnish',
131 silly get     'cache-control': 'max-age=300',
131 silly get     etag: '"8CCXTY62ROMGNG7IWWEHY25OX"',
131 silly get     age: '71',
131 silly get     connection: 'keep-alive',
131 silly get     'x-served-by': 'cache-jfk8141-JFK',
131 silly get     'x-cache': 'HIT',
131 silly get     'x-cache-hits': '2',
131 silly get     'x-timer': 'S1470838066.734552,VS0,VE0',
131 silly get     vary: 'Accept-Encoding' } ]
132 verbose etag https://registry.npmjs.org/mongoose from cache
133 verbose get saving mongoose to /Users/benkandov/.npm/registry.npmjs.org/mongoose/.cache.json
134 http 304 https://registry.npmjs.org/main
135 silly get cb [ 304,
135 silly get   { date: 'Wed, 10 Aug 2016 14:07:46 GMT',
135 silly get     via: '1.1 varnish',
135 silly get     'cache-control': 'max-age=300',
135 silly get     etag: '"37352HAQPW4JRUS58OBIZ32MV"',
135 silly get     age: '46',
135 silly get     connection: 'keep-alive',
135 silly get     'x-served-by': 'cache-jfk8141-JFK',
135 silly get     'x-cache': 'HIT',
135 silly get     'x-cache-hits': '1',
135 silly get     'x-timer': 'S1470838066.734924,VS0,VE0',
135 silly get     vary: 'Accept-Encoding' } ]
136 verbose etag https://registry.npmjs.org/main from cache
137 verbose get saving main to /Users/benkandov/.npm/registry.npmjs.org/main/.cache.json
138 http 304 https://registry.npmjs.org/validator
139 silly get cb [ 304,
139 silly get   { date: 'Wed, 10 Aug 2016 14:07:46 GMT',
139 silly get     via: '1.1 varnish',
139 silly get     'cache-control': 'max-age=300',
139 silly get     etag: '"25FUKBNLADVHXZQG09923CBHG"',
139 silly get     age: '150',
139 silly get     connection: 'keep-alive',
139 silly get     'x-served-by': 'cache-jfk8142-JFK',
139 silly get     'x-cache': 'HIT',
139 silly get     'x-cache-hits': '4',
139 silly get     'x-timer': 'S1470838066.738704,VS0,VE0',
139 silly get     vary: 'Accept-Encoding' } ]
140 verbose etag https://registry.npmjs.org/validator from cache
141 verbose get saving validator to /Users/benkandov/.npm/registry.npmjs.org/validator/.cache.json
142 silly addNameTag next cb for socket.io with tag latest
143 silly addNamed socket.io@1.4.8
144 verbose addNamed "1.4.8" is a plain semver version for socket.io
145 silly addNameTag next cb for name with tag node-token-jwt
146 silly addNameTag next cb for mongoose with tag latest
147 silly addNamed mongoose@4.5.8
148 verbose addNamed "4.5.8" is a plain semver version for mongoose
149 silly addNameTag next cb for main with tag server.js
150 silly addNameTag next cb for validator with tag latest
151 silly addNamed validator@5.5.0
152 verbose addNamed "5.5.0" is a plain semver version for validator
153 silly cache afterAdd socket.io@1.4.8
154 verbose afterAdd /Users/benkandov/.npm/socket.io/1.4.8/package/package.json not in flight; writing
155 silly cache afterAdd mongoose@4.5.8
156 verbose afterAdd /Users/benkandov/.npm/mongoose/4.5.8/package/package.json not in flight; writing
157 silly cache afterAdd validator@5.5.0
158 verbose afterAdd /Users/benkandov/.npm/validator/5.5.0/package/package.json not in flight; writing
159 verbose afterAdd /Users/benkandov/.npm/validator/5.5.0/package/package.json written
160 info already installed validator@5.5.0
161 verbose afterAdd /Users/benkandov/.npm/mongoose/4.5.8/package/package.json written
162 verbose afterAdd /Users/benkandov/.npm/socket.io/1.4.8/package/package.json written
163 info already installed socket.io@1.4.8
164 verbose stack Error: No compatible version found: name@'node-token-jwt'
164 verbose stack Valid install targets:
164 verbose stack ["0.0.1","0.0.2"]
164 verbose stack
164 verbose stack     at installTargetsError (/usr/local/lib/node_modules/npm/lib/cache/add-named.js:278:12)
164 verbose stack     at next (/usr/local/lib/node_modules/npm/lib/cache/add-named.js:94:10)
164 verbose stack     at RES (/usr/local/lib/node_modules/npm/node_modules/inflight/inflight.js:23:14)
164 verbose stack     at f (/usr/local/lib/node_modules/npm/node_modules/once/once.js:17:25)
164 verbose stack     at fixName (/usr/local/lib/node_modules/npm/lib/cache/add-named.js:29:5)
164 verbose stack     at saved (/usr/local/lib/node_modules/npm/lib/cache/caching-client.js:173:7)
164 verbose stack     at /usr/local/lib/node_modules/npm/node_modules/graceful-fs/polyfills.js:210:7
164 verbose stack     at FSReqWrap.oncomplete (fs.js:82:15)
165 verbose cwd /Users/benkandov/Documents/Coding/express_chat_server
166 error Darwin 13.3.0
167 error argv "/usr/local/bin/node" "/usr/local/bin/npm" "install"
168 error node v4.1.1
169 error npm  v2.14.4
170 error code ETARGET
171 error notarget No compatible version found: name@'node-token-jwt'
171 error notarget Valid install targets:
171 error notarget ["0.0.1","0.0.2"]
171 error notarget
171 error notarget This is most likely not a problem with npm itself.
171 error notarget In most cases you or one of your dependencies are requesting
171 error notarget a package version that doesn't exist.
171 error notarget
171 error notarget It was specified as a dependency of 'express_chat_server'
172 verbose exit [ 1, true ]
